\BOOKMARK [0][-]{chapter.1}{Introduction}{}% 1
\BOOKMARK [1][-]{section.1.1}{Contexte}{chapter.1}% 2
\BOOKMARK [0][-]{chapter.2}{Sp\351cifications}{}% 3
\BOOKMARK [1][-]{section.2.1}{Cahier des charges}{chapter.2}% 4
\BOOKMARK [2][-]{subsection.2.1.1}{LoRaWAN}{section.2.1}% 5
\BOOKMARK [2][-]{subsection.2.1.2}{Edge Computing}{section.2.1}% 6
\BOOKMARK [2][-]{subsection.2.1.3}{Notre interpr\351tation du cahier des charges}{section.2.1}% 7
\BOOKMARK [1][-]{section.2.2}{Sch\351ma bloc global}{chapter.2}% 8
\BOOKMARK [0][-]{chapter.3}{LiDAR}{}% 9
\BOOKMARK [1][-]{section.3.1}{M\351thode}{chapter.3}% 10
\BOOKMARK [2][-]{subsection.3.1.1}{Fondamentaux}{section.3.1}% 11
\BOOKMARK [2][-]{subsection.3.1.2}{Caract\351ristiques}{section.3.1}% 12
\BOOKMARK [2][-]{subsection.3.1.3}{Impl\351mentation}{section.3.1}% 13
\BOOKMARK [2][-]{subsection.3.1.4}{M\351thode de mesure}{section.3.1}% 14
\BOOKMARK [1][-]{section.3.2}{R\351sultats}{chapter.3}% 15
\BOOKMARK [2][-]{subsection.3.2.1}{Caract\351ristique de l'erreur de mesure}{section.3.2}% 16
\BOOKMARK [2][-]{subsection.3.2.2}{Mesures de distance dans un environnement perturb\351}{section.3.2}% 17
\BOOKMARK [2][-]{subsection.3.2.3}{Stabilit\351 en temp\351rature des mesures}{section.3.2}% 18
\BOOKMARK [2][-]{subsection.3.2.4}{Mesure de hauteur en laboratoire}{section.3.2}% 19
\BOOKMARK [2][-]{subsection.3.2.5}{Mesure de hauteur en situation r\351elle}{section.3.2}% 20
\BOOKMARK [0][-]{chapter.4}{Computer Vision}{}% 21
\BOOKMARK [1][-]{section.4.1}{D\351fis li\351s \340 la mesure en ext\351rieur}{chapter.4}% 22
\BOOKMARK [1][-]{section.4.2}{Applications pour la mesure de neige}{chapter.4}% 23
\BOOKMARK [2][-]{subsection.4.2.1}{Mesure de niveau sur une r\350glette}{section.4.2}% 24
\BOOKMARK [2][-]{subsection.4.2.2}{Mesure de niveau par St\351r\351ovision}{section.4.2}% 25
\BOOKMARK [2][-]{subsection.4.2.3}{Mesure du d\351bit de chute de neige}{section.4.2}% 26
\BOOKMARK [2][-]{subsection.4.2.4}{D\351tection de route enneig\351e}{section.4.2}% 27
\BOOKMARK [2][-]{subsection.4.2.5}{M\351thodes retenues}{section.4.2}% 28
\BOOKMARK [1][-]{section.4.3}{Impl\351mentation}{chapter.4}% 29
\BOOKMARK [2][-]{subsection.4.3.1}{R\351cup\351ration des vid\351os}{section.4.3}% 30
\BOOKMARK [2][-]{subsection.4.3.2}{Mesure du d\351bit de chute de neige}{section.4.3}% 31
\BOOKMARK [2][-]{subsection.4.3.3}{D\351tection de route enneig\351e}{section.4.3}% 32
\BOOKMARK [1][-]{section.4.4}{R\351sultats}{chapter.4}% 33
\BOOKMARK [2][-]{subsection.4.4.1}{Mesure de d\351bit de chute de neige}{section.4.4}% 34
\BOOKMARK [2][-]{subsection.4.4.2}{D\351tection de route enneig\351e}{section.4.4}% 35
\BOOKMARK [0][-]{chapter*.38}{Bibliographie}{}% 36
