=~=~=~=~=~=~=~=~=~=~=~= PuTTY log 2021.10.20 15:04:33 =~=~=~=~=~=~=~=~=~=~=~=
Taken @ room temperature (25°C)
Successfully connected.
Measuring a real distance of 20.
22
22
22
22
22
22
21
23
22
22
Finished. You have 10 seconds to move.
Measuring a real distance of 40.
43
44
44
43
43
44
44
43
43
43
Finished. You have 10 seconds to move.
Measuring a real distance of 60.
63
62
62
63
63
61
62
62
62
63
Finished. You have 10 seconds to move.
Measuring a real distance of 80.
82
83
83
82
82
83
82
83
84
83
Finished. You have 10 seconds to move.
Measuring a real distance of 100.
101
102
100
102
101
101
101
102
101
101
Finished. You have 10 seconds to move.
Measuring a real distance of 150.
151
153
151
150
152
149
151
152
153
151
Finished. You have 10 seconds to move.
Measuring a real distance of 200.
203
205
200
204
204
203
201
204
205
207
Finished. You have 10 seconds to move.
Measuring a real distance of 250.
341
375
254
285
250
257
434
280
254
392
Finished. You have 10 seconds to move.
Measuring a real distance of 300.
306
309
310
307
308
309
314
307
338
307
Finished. You have 10 seconds to move.
Measuring a real distance of 350.
732
604
694
741
861
874
547
802
735
544
Finished. You have 10 seconds to move.
Measuring a real distance of 400.
1251
1312
1194
1315
1248
1125
1254
1134
1284
1254
Finished. You have 10 seconds to move.
Measuring a real distance of 450.
1379
1353
1376
1370
1378
1373
1376
1372
1373
1371
Finished. You have 10 seconds to move.
Measuring a real distance of 500.
1377
1375
1381
1374
1377
1379
1375
1374
1374
1375
Finished. You have 10 seconds to move.
Measuring a real distance of 550.
1376
1378
1375
1378
1377
1379
1371
1377
1378
1374
Finished. You have 10 seconds to move.
Measuring a real distance of 600.
1375
1376
1380
1377
1376
1377
1376
1375
1376
1374
Finished. You have 10 seconds to move.
