=~=~=~=~=~=~=~=~=~=~=~= PuTTY log 2021.10.20 15:38:09 =~=~=~=~=~=~=~=~=~=~=~=
Measurments taken at room temperature (25°C)
Successfully connected.
Measuring a real distance of 20.
23
23
23
23
23
23
24
23
24
23
Finished. You have 10 seconds to move.
Measuring a real distance of 40.
45
44
44
44
44
44
43
44
44
44
Finished. You have 10 seconds to move.
Measuring a real distance of 60.
62
63
62
62
63
63
63
62
62
62
Finished. You have 10 seconds to move.
Measuring a real distance of 80.
82
81
82
82
81
81
82
82
82
81
Finished. You have 10 seconds to move.
Measuring a real distance of 100.
101
100
101
100
101
102
100
99
101
100
Finished. You have 10 seconds to move.
Measuring a real distance of 150.
145
148
148
147
148
147
147
147
149
146
Finished. You have 10 seconds to move.
Measuring a real distance of 200.
198
198
197
199
199
196
199
198
197
199
Finished. You have 10 seconds to move.
Measuring a real distance of 250.
245
244
247
312
245
273
246
248
276
245
Finished. You have 10 seconds to move.
Measuring a real distance of 300.
304
301
304
303
301
305
306
301
312
304
Finished. You have 10 seconds to move.
Measuring a real distance of 350.
358
361
361
357
364
358
362
360
359
358
Finished. You have 10 seconds to move.
Measuring a real distance of 400.
496
447
491
585
400
447
450
540
495
544
Finished. You have 10 seconds to move.
Measuring a real distance of 450.
609
620
654
701
659
827
742
833
659
745
Finished. You have 10 seconds to move.
Measuring a real distance of 500.
1128
1127
1126
1129
1047
1127
1006
1130
1125
1087
Finished. You have 10 seconds to move.
Measuring a real distance of 550.
1119
1129
1125
1124
1130
1140
1127
1123
1122
1123
Finished. You have 10 seconds to move.
Measuring a real distance of 600.
1128
1124
1126
1125
1125
1119
1125
1129
1123
1129
Finished. You have 10 seconds to move.
