Added Component: Designator=B1(Arduino Uno Socket Rev3)
Add component. Clean all parameters for all variants
Add component (AddParameter): Name = "Value"; Value = "Arduino UNO Socket Rev3"; VariantName = "[No Variations]"
Added Component: Designator=C1(CAPACITOR 0510 REFLOW)
Add component. Clean all parameters for all variants
Add component (AddParameter): Name = "Value"; Value = "100nF"; VariantName = "[No Variations]"
Added Component: Designator=J1(MOLEX 43045-0600)
Add component. Clean all parameters for all variants
Added Component: Designator=J2(SD MICRO MOLEX 504077)
Add component. Clean all parameters for all variants
Added Component: Designator=R1(RESISTOR 1608 REFLOW)
Add component. Clean all parameters for all variants
Add component (AddParameter): Name = "Value"; Value = "240k"; VariantName = "[No Variations]"
Added Component: Designator=R2(RESISTOR 1608 REFLOW)
Add component. Clean all parameters for all variants
Add component (AddParameter): Name = "Value"; Value = "100k"; VariantName = "[No Variations]"
Added Component: Designator=R3(RESISTOR 1608 REFLOW)
Add component. Clean all parameters for all variants
Add component (AddParameter): Name = "Value"; Value = "10k"; VariantName = "[No Variations]"
Added Component: Designator=R4(RESISTOR 1608 REFLOW)
Add component. Clean all parameters for all variants
Add component (AddParameter): Name = "Value"; Value = "100k"; VariantName = "[No Variations]"
Added Component: Designator=R5(RESISTOR 1608 REFLOW)
Add component. Clean all parameters for all variants
Add component (AddParameter): Name = "Value"; Value = "470k"; VariantName = "[No Variations]"
Added Component: Designator=R6(Trimmer BOURNS 3266W)
Add component. Clean all parameters for all variants
Add component (AddParameter): Name = "CW"; Value = "CW"; VariantName = "[No Variations]"
Add component (AddParameter): Name = "Value"; Value = "20k"; VariantName = "[No Variations]"
Added Component: Designator=R7(RESISTOR 1608 REFLOW)
Add component. Clean all parameters for all variants
Add component (AddParameter): Name = "Value"; Value = "480k@25°C"; VariantName = "[No Variations]"
Added Component: Designator=R8(RESISTOR 1608 REFLOW)
Add component. Clean all parameters for all variants
Add component (AddParameter): Name = "Value"; Value = "10k"; VariantName = "[No Variations]"
Added Component: Designator=T1(SOT23 P0.95 C1.6x3.0 H1.3)
Add component. Clean all parameters for all variants
Add component (AddParameter): Name = "Value"; Value = "PMW13XNEAR"; VariantName = "[No Variations]"
Added Component: Designator=T2(SOT23 P0.95 C1.6x3.0 H1.3)
Add component. Clean all parameters for all variants
Add component (AddParameter): Name = "Value"; Value = "PMW13XNEAR"; VariantName = "[No Variations]"
Added Component: Designator=U1(SOT23-5 P0.95 C1.6x3.0 H1.3)
Add component. Clean all parameters for all variants
Add component (AddParameter): Name = "Value"; Value = "LMC7211AIM5X"; VariantName = "[No Variations]"
Added Pin To Net: NetName=+5 Pin=B1-P4.5
Added Pin To Net: NetName=+5 Pin=J1-1
Added Net: Name=+5
Added Pin To Net: NetName=3V3 Pin=B1-P4.4
Added Pin To Net: NetName=3V3 Pin=C1-2
Added Pin To Net: NetName=3V3 Pin=J2-4
Added Pin To Net: NetName=3V3 Pin=R1-2
Added Pin To Net: NetName=3V3 Pin=R2-2
Added Pin To Net: NetName=3V3 Pin=U1-5
Added Net: Name=3V3
Added Pin To Net: NetName=GND Pin=B1-P3.4
Added Pin To Net: NetName=GND Pin=B1-P4.6
Added Pin To Net: NetName=GND Pin=B1-P4.7
Added Pin To Net: NetName=GND Pin=J2-6
Added Pin To Net: NetName=GND Pin=J2-9
Added Pin To Net: NetName=GND Pin=J2-10
Added Pin To Net: NetName=GND Pin=J2-11
Added Pin To Net: NetName=GND Pin=J2-12
Added Pin To Net: NetName=GND Pin=J2-13
Added Pin To Net: NetName=GND Pin=J2-14
Added Pin To Net: NetName=GND Pin=J2-15
Added Pin To Net: NetName=GND Pin=J2-16
Added Pin To Net: NetName=GND Pin=R3-1
Added Pin To Net: NetName=GND Pin=R4-1
Added Pin To Net: NetName=GND Pin=R8-1
Added Pin To Net: NetName=GND Pin=T1-2
Added Pin To Net: NetName=GND Pin=T2-2
Added Net: Name=GND
Added Pin To Net: NetName=NetB1_P1.1 Pin=B1-P1.1
Added Pin To Net: NetName=NetB1_P1.1 Pin=R4-2
Added Pin To Net: NetName=NetB1_P1.1 Pin=U1-1
Added Net: Name=NetB1_P1.1
Added Pin To Net: NetName=NetB1_P1.2 Pin=B1-P1.2
Added Pin To Net: NetName=NetB1_P1.2 Pin=J2-2
Added Net: Name=NetB1_P1.2
Added Pin To Net: NetName=NetB1_P1.7 Pin=B1-P1.7
Added Pin To Net: NetName=NetB1_P1.7 Pin=R8-2
Added Pin To Net: NetName=NetB1_P1.7 Pin=T2-1
Added Net: Name=NetB1_P1.7
Added Pin To Net: NetName=NetB1_P1.8 Pin=B1-P1.8
Added Pin To Net: NetName=NetB1_P1.8 Pin=R3-2
Added Pin To Net: NetName=NetB1_P1.8 Pin=T1-1
Added Net: Name=NetB1_P1.8
Added Pin To Net: NetName=NetB1_P3.1 Pin=B1-P3.1
Added Pin To Net: NetName=NetB1_P3.1 Pin=J1-2
Added Net: Name=NetB1_P3.1
Added Pin To Net: NetName=NetB1_P3.2 Pin=B1-P3.2
Added Pin To Net: NetName=NetB1_P3.2 Pin=J1-3
Added Net: Name=NetB1_P3.2
Added Pin To Net: NetName=NetB1_P3.5 Pin=B1-P3.5
Added Pin To Net: NetName=NetB1_P3.5 Pin=J2-5
Added Net: Name=NetB1_P3.5
Added Pin To Net: NetName=NetB1_P3.6 Pin=B1-P3.6
Added Pin To Net: NetName=NetB1_P3.6 Pin=J2-7
Added Net: Name=NetB1_P3.6
Added Pin To Net: NetName=NetB1_P3.7 Pin=B1-P3.7
Added Pin To Net: NetName=NetB1_P3.7 Pin=J2-3
Added Net: Name=NetB1_P3.7
Added Pin To Net: NetName=NetC1_1 Pin=C1-1
Added Pin To Net: NetName=NetC1_1 Pin=R6-1
Added Pin To Net: NetName=NetC1_1 Pin=R6-2
Added Pin To Net: NetName=NetC1_1 Pin=R7-2
Added Pin To Net: NetName=NetC1_1 Pin=T2-3
Added Pin To Net: NetName=NetC1_1 Pin=U1-2
Added Net: Name=NetC1_1
Added Pin To Net: NetName=NetJ1_4 Pin=J1-4
Added Pin To Net: NetName=NetJ1_4 Pin=J1-6
Added Pin To Net: NetName=NetJ1_4 Pin=T1-3
Added Net: Name=NetJ1_4
Added Pin To Net: NetName=NetR1_1 Pin=R1-1
Added Pin To Net: NetName=NetR1_1 Pin=R7-1
Added Pin To Net: NetName=NetR1_1 Pin=U1-3
Added Net: Name=NetR1_1
Added Pin To Net: NetName=NetR2_1 Pin=R2-1
Added Pin To Net: NetName=NetR2_1 Pin=R5-2
Added Pin To Net: NetName=NetR2_1 Pin=U1-4
Added Net: Name=NetR2_1
Added Pin To Net: NetName=NetR5_1 Pin=R5-1
Added Pin To Net: NetName=NetR5_1 Pin=R6-3
Added Net: Name=NetR5_1
Added Class: Name=LoRaSnow
Added Room: Name=LoRaSnow
